[9/2/2026, 08.57.46] Heartbeat at 08:57 (Day: 1)
[9/2/2026, 08.57.46] No task for 08:57. Settings: IN=08:25(true), BREAK=08:51(true), OUT=08:45(true)
[9/2/2026, 08.58.46] Heartbeat at 08:58 (Day: 1)
[9/2/2026, 08.58.46] No task for 08:58. Settings: IN=08:25(true), BREAK=08:51(true), OUT=08:45(true)
[9/2/2026, 08.59.46] Heartbeat at 08:59 (Day: 1)
[9/2/2026, 08.59.46] No task for 08:59. Settings: IN=08:25(true), BREAK=08:51(true), OUT=08:45(true)
[9/2/2026, 09.00.46] Heartbeat at 09:00 (Day: 1)
[9/2/2026, 09.00.46] No task for 09:00. Settings: IN=09:03(true), BREAK=09:04(true), OUT=09:06(true)
[9/2/2026, 09.01.46] Heartbeat at 09:01 (Day: 1)
[9/2/2026, 09.01.46] No task for 09:01. Settings: IN=09:03(true), BREAK=09:04(true), OUT=09:06(true)
[9/2/2026, 09.02.46] Heartbeat at 09:02 (Day: 1)
[9/2/2026, 09.02.46] No task for 09:02. Settings: IN=09:03(true), BREAK=09:04(true), OUT=09:06(true)
[9/2/2026, 09.03.46] Heartbeat at 09:03 (Day: 1)
[9/2/2026, 09.03.47] Task completed for check_in. Sent: 1, Failed: 0
[9/2/2026, 09.04.46] Heartbeat at 09:04 (Day: 1)
[9/2/2026, 09.04.47] Task completed for break. Sent: 1, Failed: 0
[9/2/2026, 09.05.46] Heartbeat at 09:05 (Day: 1)
[9/2/2026, 09.05.46] No task for 09:05. Settings: IN=09:03(true), BREAK=09:04(true), OUT=09:06(true)
[9/2/2026, 09.06.46] Heartbeat at 09:06 (Day: 1)
[9/2/2026, 09.06.48] Task completed for check_out. Sent: 2, Failed: 0
[9/2/2026, 09.07.46] Heartbeat at 09:07 (Day: 1)
[9/2/2026, 09.07.46] No task for 09:07. Settings: IN=09:03(true), BREAK=09:04(true), OUT=09:06(true)
[9/2/2026, 09.08.46] Heartbeat at 09:08 (Day: 1)
[9/2/2026, 09.08.46] No task for 09:08. Settings: IN=09:03(true), BREAK=09:04(true), OUT=09:06(true)
[9/2/2026, 09.09.46] Heartbeat at 09:09 (Day: 1)
[9/2/2026, 09.09.46] No task for 09:09. Settings: IN=09:03(true), BREAK=09:04(true), OUT=09:06(true)
[9/2/2026, 09.10.46] Heartbeat at 09:10 (Day: 1)
[9/2/2026, 09.10.46] No task for 09:10. Settings: IN=09:03(true), BREAK=09:04(true), OUT=09:06(true)
[9/2/2026, 09.11.46] Heartbeat at 09:11 (Day: 1)
[9/2/2026, 09.11.46] No task for 09:11. Settings: IN=09:03(true), BREAK=09:04(true), OUT=09:06(true)
[9/2/2026, 09.12.46] Heartbeat at 09:12 (Day: 1)
[9/2/2026, 09.12.46] No task for 09:12. Settings: IN=09:03(true), BREAK=09:04(true), OUT=09:06(true)
[9/2/2026, 09.13.46] Heartbeat at 09:13 (Day: 1)
[9/2/2026, 09.13.46] No task for 09:13. Settings: IN=09:03(true), BREAK=09:04(true), OUT=09:06(true)
[9/2/2026, 09.14.46] Heartbeat at 09:14 (Day: 1)
[9/2/2026, 09.14.46] No task for 09:14. Settings: IN=09:03(true), BREAK=09:04(true), OUT=09:06(true)
[9/2/2026, 09.15.46] Heartbeat at 09:15 (Day: 1)
[9/2/2026, 09.15.46] No task for 09:15. Settings: IN=09:03(true), BREAK=09:04(true), OUT=09:06(true)
[9/2/2026, 09.16.46] Heartbeat at 09:16 (Day: 1)
[9/2/2026, 09.16.46] No task for 09:16. Settings: IN=09:03(true), BREAK=09:04(true), OUT=09:06(true)
[9/2/2026, 09.17.46] Heartbeat at 09:17 (Day: 1)
[9/2/2026, 09.17.46] No task for 09:17. Settings: IN=09:03(true), BREAK=09:04(true), OUT=09:06(true)
[9/2/2026, 09.18.46] Heartbeat at 09:18 (Day: 1)
[9/2/2026, 09.18.46] No task for 09:18. Settings: IN=09:03(true), BREAK=09:04(true), OUT=09:06(true)
[9/2/2026, 09.19.46] Heartbeat at 09:19 (Day: 1)
[9/2/2026, 09.19.46] No task for 09:19. Settings: IN=09:03(true), BREAK=09:04(true), OUT=09:06(true)
[9/2/2026, 09.20.46] Heartbeat at 09:20 (Day: 1)
[9/2/2026, 09.20.46] No task for 09:20. Settings: IN=09:03(true), BREAK=09:04(true), OUT=09:06(true)
[9/2/2026, 09.21.46] Heartbeat at 09:21 (Day: 1)
[9/2/2026, 09.21.46] No task for 09:21. Settings: IN=09:03(true), BREAK=09:04(true), OUT=09:06(true)
[9/2/2026, 09.22.46] Heartbeat at 09:22 (Day: 1)
[9/2/2026, 09.22.46] No task for 09:22. Settings: IN=09:03(true), BREAK=09:04(true), OUT=09:06(true)
[9/2/2026, 09.23.46] Heartbeat at 09:23 (Day: 1)
[9/2/2026, 09.23.46] No task for 09:23. Settings: IN=09:03(true), BREAK=09:04(true), OUT=09:06(true)
[9/2/2026, 09.24.46] Heartbeat at 09:24 (Day: 1)
[9/2/2026, 09.24.46] No task for 09:24. Settings: IN=09:03(true), BREAK=09:04(true), OUT=09:06(true)
[9/2/2026, 09.25.46] Heartbeat at 09:25 (Day: 1)
[9/2/2026, 09.25.46] No task for 09:25. Settings: IN=09:03(true), BREAK=09:04(true), OUT=09:06(true)
[9/2/2026, 09.26.46] Heartbeat at 09:26 (Day: 1)
[9/2/2026, 09.26.46] No task for 09:26. Settings: IN=09:03(true), BREAK=09:04(true), OUT=09:06(true)
[9/2/2026, 09.27.46] Heartbeat at 09:27 (Day: 1)
[9/2/2026, 09.27.46] No task for 09:27. Settings: IN=09:03(true), BREAK=09:04(true), OUT=09:06(true)
[9/2/2026, 09.28.46] Heartbeat at 09:28 (Day: 1)
[9/2/2026, 09.28.46] No task for 09:28. Settings: IN=09:03(true), BREAK=09:04(true), OUT=09:06(true)
[9/2/2026, 09.29.46] Heartbeat at 09:29 (Day: 1)
[9/2/2026, 09.29.46] No task for 09:29. Settings: IN=09:03(true), BREAK=09:04(true), OUT=09:06(true)
[9/2/2026, 09.30.46] Heartbeat at 09:30 (Day: 1)
[9/2/2026, 09.30.46] No task for 09:30. Settings: IN=09:03(true), BREAK=09:04(true), OUT=09:06(true)
[9/2/2026, 09.31.46] Heartbeat at 09:31 (Day: 1)
[9/2/2026, 09.31.46] No task for 09:31. Settings: IN=09:03(true), BREAK=09:04(true), OUT=09:06(true)
[9/2/2026, 09.32.46] Heartbeat at 09:32 (Day: 1)
[9/2/2026, 09.32.46] No task for 09:32. Settings: IN=09:03(true), BREAK=09:04(true), OUT=09:06(true)
[9/2/2026, 09.33.46] Heartbeat at 09:33 (Day: 1)
[9/2/2026, 09.33.46] No task for 09:33. Settings: IN=09:03(true), BREAK=09:04(true), OUT=09:06(true)
[9/2/2026, 09.34.46] Heartbeat at 09:34 (Day: 1)
[9/2/2026, 09.34.46] No task for 09:34. Settings: IN=09:03(true), BREAK=09:04(true), OUT=09:06(true)
[9/2/2026, 09.35.46] Heartbeat at 09:35 (Day: 1)
[9/2/2026, 09.35.46] No task for 09:35. Settings: IN=09:03(true), BREAK=09:04(true), OUT=09:06(true)
[9/2/2026, 09.36.46] Heartbeat at 09:36 (Day: 1)
[9/2/2026, 09.36.46] No task for 09:36. Settings: IN=09:03(true), BREAK=09:04(true), OUT=09:06(true)
[9/2/2026, 09.37.46] Heartbeat at 09:37 (Day: 1)
[9/2/2026, 09.37.46] No task for 09:37. Settings: IN=09:03(true), BREAK=09:04(true), OUT=09:06(true)
[9/2/2026, 09.38.46] Heartbeat at 09:38 (Day: 1)
[9/2/2026, 09.38.46] No task for 09:38. Settings: IN=09:03(true), BREAK=09:04(true), OUT=09:06(true)
[9/2/2026, 09.39.46] Heartbeat at 09:39 (Day: 1)
[9/2/2026, 09.39.46] No task for 09:39. Settings: IN=09:03(true), BREAK=09:04(true), OUT=09:06(true)
[9/2/2026, 09.40.46] Heartbeat at 09:40 (Day: 1)
[9/2/2026, 09.40.46] No task for 09:40. Settings: IN=09:03(true), BREAK=09:04(true), OUT=09:06(true)
[9/2/2026, 09.41.46] Heartbeat at 09:41 (Day: 1)
[9/2/2026, 09.41.46] No task for 09:41. Settings: IN=09:03(true), BREAK=09:04(true), OUT=09:06(true)
[9/2/2026, 09.42.46] Heartbeat at 09:42 (Day: 1)
[9/2/2026, 09.42.46] No task for 09:42. Settings: IN=09:03(true), BREAK=09:04(true), OUT=09:06(true)
[9/2/2026, 09.43.46] Heartbeat at 09:43 (Day: 1)
[9/2/2026, 09.43.46] No task for 09:43. Settings: IN=09:03(true), BREAK=09:04(true), OUT=09:06(true)
[9/2/2026, 09.44.46] Heartbeat at 09:44 (Day: 1)
[9/2/2026, 09.44.46] No task for 09:44. Settings: IN=09:03(true), BREAK=09:04(true), OUT=09:06(true)
[9/2/2026, 09.45.46] Heartbeat at 09:45 (Day: 1)
[9/2/2026, 09.45.46] No task for 09:45. Settings: IN=09:03(true), BREAK=09:04(true), OUT=09:06(true)
[9/2/2026, 09.46.46] Heartbeat at 09:46 (Day: 1)
[9/2/2026, 09.46.47] No task for 09:46. Settings: IN=09:03(true), BREAK=09:04(true), OUT=09:06(true)
[9/2/2026, 09.47.46] Heartbeat at 09:47 (Day: 1)
[9/2/2026, 09.47.46] No task for 09:47. Settings: IN=09:03(true), BREAK=09:04(true), OUT=09:06(true)
[9/2/2026, 09.48.46] Heartbeat at 09:48 (Day: 1)
[9/2/2026, 09.48.46] No task for 09:48. Settings: IN=09:03(true), BREAK=09:04(true), OUT=09:06(true)
[9/2/2026, 09.49.46] Heartbeat at 09:49 (Day: 1)
[9/2/2026, 09.49.46] No task for 09:49. Settings: IN=09:03(true), BREAK=09:04(true), OUT=09:06(true)
[9/2/2026, 09.50.46] Heartbeat at 09:50 (Day: 1)
[9/2/2026, 09.50.46] No task for 09:50. Settings: IN=09:03(true), BREAK=09:04(true), OUT=09:06(true)
[9/2/2026, 09.51.46] Heartbeat at 09:51 (Day: 1)
[9/2/2026, 09.51.46] No task for 09:51. Settings: IN=09:03(true), BREAK=09:04(true), OUT=09:06(true)
[9/2/2026, 09.52.46] Heartbeat at 09:52 (Day: 1)
[9/2/2026, 09.52.47] No task for 09:52. Settings: IN=09:03(true), BREAK=09:04(true), OUT=09:06(true)
[9/2/2026, 09.53.46] Heartbeat at 09:53 (Day: 1)
[9/2/2026, 09.53.46] No task for 09:53. Settings: IN=09:03(true), BREAK=09:04(true), OUT=09:06(true)
[9/2/2026, 09.54.46] Heartbeat at 09:54 (Day: 1)
[9/2/2026, 09.54.46] No task for 09:54. Settings: IN=09:03(true), BREAK=09:04(true), OUT=09:06(true)
[9/2/2026, 09.55.47] Heartbeat at 09:55 (Day: 1)
[9/2/2026, 09.55.47] No task for 09:55. Settings: IN=09:03(true), BREAK=09:04(true), OUT=09:06(true)
[9/2/2026, 09.56.46] Heartbeat at 09:56 (Day: 1)
[9/2/2026, 09.56.47] No task for 09:56. Settings: IN=09:03(true), BREAK=09:04(true), OUT=09:06(true)
[9/2/2026, 09.57.47] Heartbeat at 09:57 (Day: 1)
[9/2/2026, 09.57.47] No task for 09:57. Settings: IN=09:03(true), BREAK=09:04(true), OUT=09:06(true)
[9/2/2026, 09.58.47] Heartbeat at 09:58 (Day: 1)
[9/2/2026, 09.58.47] No task for 09:58. Settings: IN=09:03(true), BREAK=09:04(true), OUT=09:06(true)
[9/2/2026, 09.59.47] Heartbeat at 09:59 (Day: 1)
[9/2/2026, 09.59.47] No task for 09:59. Settings: IN=09:03(true), BREAK=09:04(true), OUT=09:06(true)
[9/2/2026, 10.00.47] Heartbeat at 10:00 (Day: 1)
[9/2/2026, 10.00.47] No task for 10:00. Settings: IN=09:03(true), BREAK=09:04(true), OUT=09:06(true)
[9/2/2026, 10.01.47] Heartbeat at 10:01 (Day: 1)
[9/2/2026, 10.01.47] No task for 10:01. Settings: IN=09:03(true), BREAK=09:04(true), OUT=09:06(true)
[9/2/2026, 10.02.47] Heartbeat at 10:02 (Day: 1)
[9/2/2026, 10.02.47] No task for 10:02. Settings: IN=09:03(true), BREAK=09:04(true), OUT=09:06(true)
[9/2/2026, 10.03.47] Heartbeat at 10:03 (Day: 1)
[9/2/2026, 10.03.47] No task for 10:03. Settings: IN=09:03(true), BREAK=09:04(true), OUT=09:06(true)
[9/2/2026, 10.04.47] Heartbeat at 10:04 (Day: 1)
[9/2/2026, 10.04.47] No task for 10:04. Settings: IN=09:03(true), BREAK=09:04(true), OUT=09:06(true)
[9/2/2026, 10.05.47] Heartbeat at 10:05 (Day: 1)
[9/2/2026, 10.05.47] No task for 10:05. Settings: IN=09:03(true), BREAK=09:04(true), OUT=09:06(true)
[9/2/2026, 10.06.47] Heartbeat at 10:06 (Day: 1)
[9/2/2026, 10.06.47] No task for 10:06. Settings: IN=09:03(true), BREAK=09:04(true), OUT=09:06(true)
[9/2/2026, 10.07.47] Heartbeat at 10:07 (Day: 1)
[9/2/2026, 10.07.47] No task for 10:07. Settings: IN=09:03(true), BREAK=09:04(true), OUT=09:06(true)
[9/2/2026, 10.08.47] Heartbeat at 10:08 (Day: 1)
[9/2/2026, 10.08.47] No task for 10:08. Settings: IN=09:03(true), BREAK=09:04(true), OUT=09:06(true)
[9/2/2026, 10.09.47] Heartbeat at 10:09 (Day: 1)
[9/2/2026, 10.09.47] No task for 10:09. Settings: IN=09:03(true), BREAK=09:04(true), OUT=09:06(true)
[9/2/2026, 10.10.47] Heartbeat at 10:10 (Day: 1)
[9/2/2026, 10.10.47] No task for 10:10. Settings: IN=09:03(true), BREAK=09:04(true), OUT=09:06(true)
[9/2/2026, 10.11.47] Heartbeat at 10:11 (Day: 1)
[9/2/2026, 10.11.47] No task for 10:11. Settings: IN=09:03(true), BREAK=09:04(true), OUT=09:06(true)
[9/2/2026, 10.12.47] Heartbeat at 10:12 (Day: 1)
[9/2/2026, 10.12.47] No task for 10:12. Settings: IN=09:03(true), BREAK=09:04(true), OUT=09:06(true)
[9/2/2026, 10.13.47] Heartbeat at 10:13 (Day: 1)
[9/2/2026, 10.13.47] No task for 10:13. Settings: IN=09:03(true), BREAK=09:04(true), OUT=09:06(true)
[9/2/2026, 10.14.47] Heartbeat at 10:14 (Day: 1)
[9/2/2026, 10.14.47] No task for 10:14. Settings: IN=09:03(true), BREAK=09:04(true), OUT=09:06(true)
[9/2/2026, 10.15.47] Heartbeat at 10:15 (Day: 1)
[9/2/2026, 10.15.47] No task for 10:15. Settings: IN=09:03(true), BREAK=09:04(true), OUT=09:06(true)
[9/2/2026, 10.16.47] Heartbeat at 10:16 (Day: 1)
[9/2/2026, 10.16.47] No task for 10:16. Settings: IN=09:03(true), BREAK=09:04(true), OUT=09:06(true)
[9/2/2026, 10.17.47] Heartbeat at 10:17 (Day: 1)
[9/2/2026, 10.17.47] No task for 10:17. Settings: IN=09:03(true), BREAK=09:04(true), OUT=09:06(true)
[9/2/2026, 10.18.47] Heartbeat at 10:18 (Day: 1)
[9/2/2026, 10.18.47] No task for 10:18. Settings: IN=09:03(true), BREAK=09:04(true), OUT=09:06(true)
[9/2/2026, 10.19.47] Heartbeat at 10:19 (Day: 1)
[9/2/2026, 10.19.47] No task for 10:19. Settings: IN=09:03(true), BREAK=09:04(true), OUT=09:06(true)
[9/2/2026, 10.20.47] Heartbeat at 10:20 (Day: 1)
[9/2/2026, 10.20.47] No task for 10:20. Settings: IN=09:03(true), BREAK=09:04(true), OUT=09:06(true)
[9/2/2026, 10.21.47] Heartbeat at 10:21 (Day: 1)
[9/2/2026, 10.21.47] No task for 10:21. Settings: IN=09:03(true), BREAK=09:04(true), OUT=09:06(true)
[9/2/2026, 10.22.47] Heartbeat at 10:22 (Day: 1)
[9/2/2026, 10.22.47] No task for 10:22. Settings: IN=09:03(true), BREAK=09:04(true), OUT=09:06(true)
[9/2/2026, 10.23.47] Heartbeat at 10:23 (Day: 1)
[9/2/2026, 10.23.47] No task for 10:23. Settings: IN=09:03(true), BREAK=09:04(true), OUT=09:06(true)
[9/2/2026, 10.24.47] Heartbeat at 10:24 (Day: 1)
[9/2/2026, 10.24.47] No task for 10:24. Settings: IN=09:03(true), BREAK=09:04(true), OUT=09:06(true)
[9/2/2026, 10.25.47] Heartbeat at 10:25 (Day: 1)
[9/2/2026, 10.25.47] No task for 10:25. Settings: IN=09:03(true), BREAK=09:04(true), OUT=09:06(true)
[9/2/2026, 10.26.47] Heartbeat at 10:26 (Day: 1)
[9/2/2026, 10.26.47] No task for 10:26. Settings: IN=09:03(true), BREAK=09:04(true), OUT=09:06(true)
[9/2/2026, 10.27.47] Heartbeat at 10:27 (Day: 1)
[9/2/2026, 10.27.47] No task for 10:27. Settings: IN=09:03(true), BREAK=09:04(true), OUT=09:06(true)
[9/2/2026, 10.28.47] Heartbeat at 10:28 (Day: 1)
[9/2/2026, 10.28.47] No task for 10:28. Settings: IN=09:03(true), BREAK=09:04(true), OUT=09:06(true)
[9/2/2026, 10.29.47] Heartbeat at 10:29 (Day: 1)
[9/2/2026, 10.29.47] No task for 10:29. Settings: IN=09:03(true), BREAK=09:04(true), OUT=09:06(true)
[9/2/2026, 10.30.47] Heartbeat at 10:30 (Day: 1)
[9/2/2026, 10.30.47] No task for 10:30. Settings: IN=09:03(true), BREAK=09:04(true), OUT=09:06(true)
[9/2/2026, 10.31.47] Heartbeat at 10:31 (Day: 1)
[9/2/2026, 10.31.47] No task for 10:31. Settings: IN=09:03(true), BREAK=09:04(true), OUT=09:06(true)
[9/2/2026, 10.32.47] Heartbeat at 10:32 (Day: 1)
[9/2/2026, 10.32.47] No task for 10:32. Settings: IN=09:03(true), BREAK=09:04(true), OUT=09:06(true)
[9/2/2026, 10.33.47] Heartbeat at 10:33 (Day: 1)
[9/2/2026, 10.33.47] No task for 10:33. Settings: IN=09:03(true), BREAK=09:04(true), OUT=09:06(true)
[9/2/2026, 10.34.47] Heartbeat at 10:34 (Day: 1)
[9/2/2026, 10.34.47] No task for 10:34. Settings: IN=09:03(true), BREAK=09:04(true), OUT=09:06(true)
[9/2/2026, 10.35.47] Heartbeat at 10:35 (Day: 1)
[9/2/2026, 10.35.47] No task for 10:35. Settings: IN=09:03(true), BREAK=09:04(true), OUT=09:06(true)
[9/2/2026, 10.36.47] Heartbeat at 10:36 (Day: 1)
[9/2/2026, 10.36.47] No task for 10:36. Settings: IN=09:03(true), BREAK=09:04(true), OUT=09:06(true)
[9/2/2026, 10.37.47] Heartbeat at 10:37 (Day: 1)
[9/2/2026, 10.37.47] No task for 10:37. Settings: IN=09:03(true), BREAK=09:04(true), OUT=09:06(true)
[9/2/2026, 10.38.47] Heartbeat at 10:38 (Day: 1)
[9/2/2026, 10.38.47] No task for 10:38. Settings: IN=09:03(true), BREAK=09:04(true), OUT=09:06(true)
[9/2/2026, 10.39.47] Heartbeat at 10:39 (Day: 1)
[9/2/2026, 10.39.47] No task for 10:39. Settings: IN=09:03(true), BREAK=09:04(true), OUT=09:06(true)
[9/2/2026, 10.40.47] Heartbeat at 10:40 (Day: 1)
[9/2/2026, 10.40.47] No task for 10:40. Settings: IN=09:03(true), BREAK=09:04(true), OUT=09:06(true)
[9/2/2026, 10.41.47] Heartbeat at 10:41 (Day: 1)
[9/2/2026, 10.41.47] No task for 10:41. Settings: IN=09:03(true), BREAK=09:04(true), OUT=09:06(true)
[9/2/2026, 10.42.47] Heartbeat at 10:42 (Day: 1)
[9/2/2026, 10.42.47] No task for 10:42. Settings: IN=09:03(true), BREAK=09:04(true), OUT=09:06(true)
[9/2/2026, 10.43.47] Heartbeat at 10:43 (Day: 1)
[9/2/2026, 10.43.47] No task for 10:43. Settings: IN=09:03(true), BREAK=09:04(true), OUT=09:06(true)
[9/2/2026, 10.44.47] Heartbeat at 10:44 (Day: 1)
[9/2/2026, 10.44.47] No task for 10:44. Settings: IN=09:03(true), BREAK=09:04(true), OUT=09:06(true)
[9/2/2026, 10.45.47] Heartbeat at 10:45 (Day: 1)
[9/2/2026, 10.45.47] No task for 10:45. Settings: IN=09:03(true), BREAK=09:04(true), OUT=09:06(true)
[9/2/2026, 10.46.47] Heartbeat at 10:46 (Day: 1)
[9/2/2026, 10.46.47] No task for 10:46. Settings: IN=09:03(true), BREAK=09:04(true), OUT=09:06(true)
[9/2/2026, 10.47.47] Heartbeat at 10:47 (Day: 1)
[9/2/2026, 10.47.47] No task for 10:47. Settings: IN=09:03(true), BREAK=09:04(true), OUT=09:06(true)
[9/2/2026, 10.48.47] Heartbeat at 10:48 (Day: 1)
[9/2/2026, 10.48.47] No task for 10:48. Settings: IN=09:03(true), BREAK=09:04(true), OUT=09:06(true)
[9/2/2026, 10.49.47] Heartbeat at 10:49 (Day: 1)
[9/2/2026, 10.49.47] No task for 10:49. Settings: IN=09:03(true), BREAK=09:04(true), OUT=09:06(true)
[9/2/2026, 10.50.47] Heartbeat at 10:50 (Day: 1)
[9/2/2026, 10.50.47] No task for 10:50. Settings: IN=09:03(true), BREAK=09:04(true), OUT=09:06(true)
[9/2/2026, 10.51.47] Heartbeat at 10:51 (Day: 1)
[9/2/2026, 10.51.47] No task for 10:51. Settings: IN=09:03(true), BREAK=09:04(true), OUT=09:06(true)
[9/2/2026, 10.52.47] Heartbeat at 10:52 (Day: 1)
[9/2/2026, 10.52.47] No task for 10:52. Settings: IN=09:03(true), BREAK=09:04(true), OUT=09:06(true)
[9/2/2026, 10.53.47] Heartbeat at 10:53 (Day: 1)
[9/2/2026, 10.53.47] No task for 10:53. Settings: IN=09:03(true), BREAK=09:04(true), OUT=09:06(true)
[9/2/2026, 10.54.47] Heartbeat at 10:54 (Day: 1)
[9/2/2026, 10.54.47] No task for 10:54. Settings: IN=09:03(true), BREAK=09:04(true), OUT=09:06(true)
[9/2/2026, 10.55.47] Heartbeat at 10:55 (Day: 1)
[9/2/2026, 10.55.47] No task for 10:55. Settings: IN=09:03(true), BREAK=09:04(true), OUT=09:06(true)
[9/2/2026, 10.56.47] Heartbeat at 10:56 (Day: 1)
[9/2/2026, 10.56.47] No task for 10:56. Settings: IN=09:03(true), BREAK=09:04(true), OUT=09:06(true)
[9/2/2026, 10.57.47] Heartbeat at 10:57 (Day: 1)
[9/2/2026, 10.57.47] No task for 10:57. Settings: IN=09:03(true), BREAK=09:04(true), OUT=09:06(true)
[9/2/2026, 10.58.47] Heartbeat at 10:58 (Day: 1)
[9/2/2026, 10.58.47] No task for 10:58. Settings: IN=09:03(true), BREAK=09:04(true), OUT=09:06(true)
[9/2/2026, 10.59.47] Heartbeat at 10:59 (Day: 1)
[9/2/2026, 10.59.47] No task for 10:59. Settings: IN=09:03(true), BREAK=09:04(true), OUT=09:06(true)
[9/2/2026, 11.00.47] Heartbeat at 11:00 (Day: 1)
[9/2/2026, 11.00.47] No task for 11:00. Settings: IN=09:03(true), BREAK=09:04(true), OUT=09:06(true)
[9/2/2026, 11.01.47] Heartbeat at 11:01 (Day: 1)
[9/2/2026, 11.01.47] No task for 11:01. Settings: IN=09:03(true), BREAK=09:04(true), OUT=09:06(true)
[9/2/2026, 11.02.47] Heartbeat at 11:02 (Day: 1)
[9/2/2026, 11.02.47] No task for 11:02. Settings: IN=09:03(true), BREAK=09:04(true), OUT=09:06(true)
[9/2/2026, 11.03.47] Heartbeat at 11:03 (Day: 1)
[9/2/2026, 11.03.47] No task for 11:03. Settings: IN=09:03(true), BREAK=09:04(true), OUT=09:06(true)
[9/2/2026, 11.04.47] Heartbeat at 11:04 (Day: 1)
[9/2/2026, 11.04.47] No task for 11:04. Settings: IN=09:03(true), BREAK=09:04(true), OUT=09:06(true)
[9/2/2026, 11.05.47] Heartbeat at 11:05 (Day: 1)
[9/2/2026, 11.05.47] No task for 11:05. Settings: IN=09:03(true), BREAK=09:04(true), OUT=09:06(true)
[9/2/2026, 11.06.47] Heartbeat at 11:06 (Day: 1)
[9/2/2026, 11.06.47] No task for 11:06. Settings: IN=09:03(true), BREAK=09:04(true), OUT=09:06(true)
[9/2/2026, 11.07.47] Heartbeat at 11:07 (Day: 1)
[9/2/2026, 11.07.47] No task for 11:07. Settings: IN=09:03(true), BREAK=09:04(true), OUT=09:06(true)
[9/2/2026, 11.08.47] Heartbeat at 11:08 (Day: 1)
[9/2/2026, 11.08.47] No task for 11:08. Settings: IN=09:03(true), BREAK=09:04(true), OUT=09:06(true)
[9/2/2026, 11.09.47] Heartbeat at 11:09 (Day: 1)
[9/2/2026, 11.09.47] No task for 11:09. Settings: IN=09:03(true), BREAK=09:04(true), OUT=09:06(true)
[9/2/2026, 11.10.47] Heartbeat at 11:10 (Day: 1)
[9/2/2026, 11.10.47] No task for 11:10. Settings: IN=09:03(true), BREAK=09:04(true), OUT=09:06(true)
[9/2/2026, 11.11.47] Heartbeat at 11:11 (Day: 1)
[9/2/2026, 11.11.47] No task for 11:11. Settings: IN=09:03(true), BREAK=09:04(true), OUT=09:06(true)
[9/2/2026, 11.12.47] Heartbeat at 11:12 (Day: 1)
[9/2/2026, 11.12.47] No task for 11:12. Settings: IN=09:03(true), BREAK=09:04(true), OUT=09:06(true)
[14/2/2026, 09.43.18] Heartbeat at 09:43 (Day: 6)
[14/2/2026, 09.44.18] Heartbeat at 09:44 (Day: 6)
[14/2/2026, 09.45.18] Heartbeat at 09:45 (Day: 6)
[14/2/2026, 09.46.18] Heartbeat at 09:46 (Day: 6)
[14/2/2026, 09.47.18] Heartbeat at 09:47 (Day: 6)
[14/2/2026, 09.48.18] Heartbeat at 09:48 (Day: 6)
[14/2/2026, 09.49.18] Heartbeat at 09:49 (Day: 6)
[14/2/2026, 09.50.18] Heartbeat at 09:50 (Day: 6)
[14/2/2026, 09.51.18] Heartbeat at 09:51 (Day: 6)
[14/2/2026, 09.53.25] Heartbeat at 09:53 (Day: 6)
[14/2/2026, 09.54.25] Heartbeat at 09:54 (Day: 6)
[14/2/2026, 09.55.25] Heartbeat at 09:55 (Day: 6)
[14/2/2026, 10.03.03] Heartbeat at 10:03 (Day: 6)
[14/2/2026, 10.04.03] Heartbeat at 10:04 (Day: 6)
[14/2/2026, 10.05.03] Heartbeat at 10:05 (Day: 6)
[14/2/2026, 10.06.03] Heartbeat at 10:06 (Day: 6)
[12/2/2026, 10.07.48] Heartbeat at 10:07 (Day: 4)
[12/2/2026, 10.07.49] Task completed for break. Sent: 1, Failed: 0
[12/2/2026, 10.08.48] Heartbeat at 10:08 (Day: 4)
[12/2/2026, 10.08.49] Task completed for check_in. Sent: 1, Failed: 0
[12/2/2026, 10.09.48] Heartbeat at 10:09 (Day: 4)
[12/2/2026, 10.09.49] Task completed for break. Sent: 1, Failed: 0
[12/2/2026, 10.10.48] Heartbeat at 10:10 (Day: 4)
[12/2/2026, 10.10.49] Task completed for check_out. Sent: 1, Failed: 0
[12/2/2026, 10.11.48] Heartbeat at 10:11 (Day: 4)
[12/2/2026, 10.11.48] No task for 10:11. Settings: IN=10:08(true), BREAK=10:09(true), OUT=10:10(true)
[12/2/2026, 10.12.48] Heartbeat at 10:12 (Day: 4)
[12/2/2026, 10.12.48] No task for 10:12. Settings: IN=10:08(true), BREAK=10:09(true), OUT=10:10(true)
[12/2/2026, 10.13.48] Heartbeat at 10:13 (Day: 4)
[12/2/2026, 10.13.48] No task for 10:13. Settings: IN=10:08(true), BREAK=10:09(true), OUT=10:10(true)
[12/2/2026, 10.14.48] Heartbeat at 10:14 (Day: 4)
[12/2/2026, 10.14.48] No task for 10:14. Settings: IN=10:08(true), BREAK=10:09(true), OUT=10:10(true)
[12/2/2026, 10.15.48] Heartbeat at 10:15 (Day: 4)
[12/2/2026, 10.15.48] No task for 10:15. Settings: IN=10:08(true), BREAK=10:09(true), OUT=10:10(true)
[12/2/2026, 10.16.48] Heartbeat at 10:16 (Day: 4)
[12/2/2026, 10.16.48] No task for 10:16. Settings: IN=10:08(true), BREAK=10:09(true), OUT=10:10(true)
[12/2/2026, 10.17.48] Heartbeat at 10:17 (Day: 4)
[12/2/2026, 10.17.48] No task for 10:17. Settings: IN=10:08(true), BREAK=10:09(true), OUT=10:10(true)
[12/2/2026, 10.18.48] Heartbeat at 10:18 (Day: 4)
[12/2/2026, 10.18.48] No task for 10:18. Settings: IN=10:08(true), BREAK=10:09(true), OUT=10:10(true)
[12/2/2026, 10.19.48] Heartbeat at 10:19 (Day: 4)
[12/2/2026, 10.19.48] No task for 10:19. Settings: IN=10:08(true), BREAK=10:09(true), OUT=10:10(true)
[12/2/2026, 10.20.48] Heartbeat at 10:20 (Day: 4)
[12/2/2026, 10.20.48] No task for 10:20. Settings: IN=10:08(true), BREAK=10:09(true), OUT=10:10(true)
[12/2/2026, 10.21.48] Heartbeat at 10:21 (Day: 4)
[12/2/2026, 10.21.48] No task for 10:21. Settings: IN=10:08(true), BREAK=10:09(true), OUT=10:10(true)
[12/2/2026, 10.22.48] Heartbeat at 10:22 (Day: 4)
[12/2/2026, 10.22.48] No task for 10:22. Settings: IN=10:08(true), BREAK=10:09(true), OUT=10:10(true)
[12/2/2026, 10.23.48] Heartbeat at 10:23 (Day: 4)
[12/2/2026, 10.23.48] No task for 10:23. Settings: IN=10:08(true), BREAK=10:09(true), OUT=10:10(true)
[12/2/2026, 10.24.48] Heartbeat at 10:24 (Day: 4)
[12/2/2026, 10.24.48] No task for 10:24. Settings: IN=10:08(true), BREAK=10:09(true), OUT=10:10(true)
[12/2/2026, 10.25.48] Heartbeat at 10:25 (Day: 4)
[12/2/2026, 10.25.48] No task for 10:25. Settings: IN=10:08(true), BREAK=10:09(true), OUT=10:10(true)
[12/2/2026, 10.26.48] Heartbeat at 10:26 (Day: 4)
[12/2/2026, 10.26.48] No task for 10:26. Settings: IN=10:08(true), BREAK=10:09(true), OUT=10:10(true)
[12/2/2026, 10.27.48] Heartbeat at 10:27 (Day: 4)
[12/2/2026, 10.27.48] No task for 10:27. Settings: IN=10:08(true), BREAK=10:09(true), OUT=10:10(true)
[12/2/2026, 10.28.48] Heartbeat at 10:28 (Day: 4)
[12/2/2026, 10.28.50] Task completed for check_in. Sent: 2, Failed: 0
[12/2/2026, 10.29.48] Heartbeat at 10:29 (Day: 4)
[12/2/2026, 10.29.50] Task completed for break. Sent: 2, Failed: 0
[12/2/2026, 10.30.48] Heartbeat at 10:30 (Day: 4)
[12/2/2026, 10.30.50] Task completed for check_out. Sent: 2, Failed: 0
[12/2/2026, 14.20.45] Heartbeat at 14:20 (Day: 4)
[12/2/2026, 14.20.45] No task for 14:20. Settings: IN=10:28(true), BREAK=10:29(true), OUT=10:30(true)
[12/2/2026, 14.21.45] Heartbeat at 14:21 (Day: 4)
[12/2/2026, 14.21.45] No task for 14:21. Settings: IN=10:28(true), BREAK=10:29(true), OUT=10:30(true)
[12/2/2026, 14.22.45] Heartbeat at 14:22 (Day: 4)
[12/2/2026, 14.22.45] No task for 14:22. Settings: IN=14:23(true), BREAK=14:24(true), OUT=14:25(true)
[12/2/2026, 14.23.45] Heartbeat at 14:23 (Day: 4)
[12/2/2026, 14.23.48] [CRON] Intern arip has no telegram_username/ChatID
[12/2/2026, 14.23.48] Task completed for check_in. Sent: 3, Failed: 0
[12/2/2026, 14.24.45] Heartbeat at 14:24 (Day: 4)
[12/2/2026, 14.24.48] [CRON] Intern arip has no telegram_username/ChatID
[12/2/2026, 14.24.48] Task completed for break. Sent: 3, Failed: 0
[12/2/2026, 14.25.45] Heartbeat at 14:25 (Day: 4)
[12/2/2026, 14.25.48] [CRON] Intern arip has no telegram_username/ChatID
[12/2/2026, 14.25.48] Task completed for check_in. Sent: 3, Failed: 0
[12/2/2026, 14.26.45] Heartbeat at 14:26 (Day: 4)
[12/2/2026, 14.26.45] No task for 14:26. Settings: IN=14:25(true), BREAK=14:24(true), OUT=14:25(true)
[12/2/2026, 14.27.45] Heartbeat at 14:27 (Day: 4)
[12/2/2026, 14.27.45] No task for 14:27. Settings: IN=14:25(true), BREAK=14:24(true), OUT=14:25(true)
[12/2/2026, 14.28.45] Heartbeat at 14:28 (Day: 4)
[12/2/2026, 14.28.45] No task for 14:28. Settings: IN=14:25(true), BREAK=14:24(true), OUT=14:25(true)
[12/2/2026, 14.29.45] Heartbeat at 14:29 (Day: 4)
[12/2/2026, 14.29.45] No task for 14:29. Settings: IN=14:25(true), BREAK=14:24(true), OUT=14:25(true)
[12/2/2026, 14.30.45] Heartbeat at 14:30 (Day: 4)
[12/2/2026, 14.30.45] No task for 14:30. Settings: IN=14:25(true), BREAK=14:24(true), OUT=14:25(true)
[12/2/2026, 14.31.45] Heartbeat at 14:31 (Day: 4)
[12/2/2026, 14.31.45] No task for 14:31. Settings: IN=14:25(true), BREAK=14:24(true), OUT=14:25(true)
[12/2/2026, 14.32.45] Heartbeat at 14:32 (Day: 4)
[12/2/2026, 14.32.45] No task for 14:32. Settings: IN=14:25(true), BREAK=14:24(true), OUT=14:25(true)
[12/2/2026, 14.33.45] Heartbeat at 14:33 (Day: 4)
[12/2/2026, 14.33.45] No task for 14:33. Settings: IN=14:25(true), BREAK=14:24(true), OUT=14:25(true)
[12/2/2026, 14.34.45] Heartbeat at 14:34 (Day: 4)
[12/2/2026, 14.34.45] No task for 14:34. Settings: IN=14:25(true), BREAK=14:24(true), OUT=14:25(true)
[12/2/2026, 14.35.45] Heartbeat at 14:35 (Day: 4)
[12/2/2026, 14.35.45] No task for 14:35. Settings: IN=14:25(true), BREAK=14:24(true), OUT=14:25(true)
[12/2/2026, 14.36.45] Heartbeat at 14:36 (Day: 4)
[12/2/2026, 14.36.45] No task for 14:36. Settings: IN=14:25(true), BREAK=14:24(true), OUT=14:25(true)
[12/2/2026, 14.37.45] Heartbeat at 14:37 (Day: 4)
[12/2/2026, 14.37.45] No task for 14:37. Settings: IN=14:25(true), BREAK=14:24(true), OUT=14:25(true)
[12/2/2026, 14.38.45] Heartbeat at 14:38 (Day: 4)
[12/2/2026, 14.38.45] No task for 14:38. Settings: IN=14:25(true), BREAK=14:24(true), OUT=14:25(true)
[12/2/2026, 14.39.45] Heartbeat at 14:39 (Day: 4)
[12/2/2026, 14.39.45] No task for 14:39. Settings: IN=14:25(true), BREAK=14:24(true), OUT=14:25(true)
[12/2/2026, 14.40.45] Heartbeat at 14:40 (Day: 4)
[12/2/2026, 14.40.45] No task for 14:40. Settings: IN=14:25(true), BREAK=14:24(true), OUT=14:25(true)
[12/2/2026, 14.41.45] Heartbeat at 14:41 (Day: 4)
[12/2/2026, 14.41.45] No task for 14:41. Settings: IN=14:25(true), BREAK=14:24(true), OUT=14:25(true)
[12/2/2026, 14.42.45] Heartbeat at 14:42 (Day: 4)
[12/2/2026, 14.42.45] No task for 14:42. Settings: IN=14:25(true), BREAK=14:24(true), OUT=14:25(true)
[12/2/2026, 14.43.45] Heartbeat at 14:43 (Day: 4)
[12/2/2026, 14.43.45] No task for 14:43. Settings: IN=14:25(true), BREAK=14:24(true), OUT=14:25(true)
[12/2/2026, 14.44.45] Heartbeat at 14:44 (Day: 4)
[12/2/2026, 14.44.45] No task for 14:44. Settings: IN=14:25(true), BREAK=14:24(true), OUT=14:25(true)
[12/2/2026, 14.45.45] Heartbeat at 14:45 (Day: 4)
[12/2/2026, 14.45.45] No task for 14:45. Settings: IN=14:25(true), BREAK=14:24(true), OUT=14:25(true)
[12/2/2026, 14.46.45] Heartbeat at 14:46 (Day: 4)
[12/2/2026, 14.46.45] No task for 14:46. Settings: IN=14:25(true), BREAK=14:24(true), OUT=14:25(true)
[12/2/2026, 14.47.45] Heartbeat at 14:47 (Day: 4)
[12/2/2026, 14.47.45] No task for 14:47. Settings: IN=14:25(true), BREAK=14:24(true), OUT=14:25(true)
[12/2/2026, 14.48.45] Heartbeat at 14:48 (Day: 4)
[12/2/2026, 14.48.45] No task for 14:48. Settings: IN=14:25(true), BREAK=14:24(true), OUT=14:25(true)
[12/2/2026, 14.49.45] Heartbeat at 14:49 (Day: 4)
[12/2/2026, 14.49.45] No task for 14:49. Settings: IN=14:25(true), BREAK=14:24(true), OUT=14:25(true)
[12/2/2026, 14.53.11] Heartbeat at 14:53 (Day: 4)
[12/2/2026, 14.53.11] No task for 14:53. Settings: IN=14:25(true), BREAK=14:24(true), OUT=14:25(true)
[12/2/2026, 14.54.11] Heartbeat at 14:54 (Day: 4)
[12/2/2026, 14.54.11] No task for 14:54. Settings: IN=14:25(true), BREAK=14:24(true), OUT=14:25(true)
[12/2/2026, 14.55.11] Heartbeat at 14:55 (Day: 4)
[12/2/2026, 14.55.11] No task for 14:55. Settings: IN=14:25(true), BREAK=14:24(true), OUT=14:25(true)
[12/2/2026, 14.56.11] Heartbeat at 14:56 (Day: 4)
[12/2/2026, 14.56.11] No task for 14:56. Settings: IN=14:25(true), BREAK=14:24(true), OUT=14:25(true)
[12/2/2026, 14.57.11] Heartbeat at 14:57 (Day: 4)
[12/2/2026, 14.57.11] No task for 14:57. Settings: IN=14:25(true), BREAK=14:24(true), OUT=14:25(true)
[12/2/2026, 14.58.11] Heartbeat at 14:58 (Day: 4)
[12/2/2026, 14.58.11] No task for 14:58. Settings: IN=14:25(true), BREAK=14:24(true), OUT=14:25(true)
[12/2/2026, 14.59.11] Heartbeat at 14:59 (Day: 4)
[12/2/2026, 14.59.11] No task for 14:59. Settings: IN=14:25(true), BREAK=14:24(true), OUT=14:25(true)
[12/2/2026, 15.00.11] Heartbeat at 15:00 (Day: 4)
[12/2/2026, 15.00.11] No task for 15:00. Settings: IN=14:25(true), BREAK=14:24(true), OUT=14:25(true)
[12/2/2026, 15.01.11] Heartbeat at 15:01 (Day: 4)
[12/2/2026, 15.01.11] No task for 15:01. Settings: IN=14:25(true), BREAK=14:24(true), OUT=14:25(true)
[12/2/2026, 15.02.11] Heartbeat at 15:02 (Day: 4)
[12/2/2026, 15.02.11] No task for 15:02. Settings: IN=14:25(true), BREAK=14:24(true), OUT=14:25(true)
[12/2/2026, 15.03.11] Heartbeat at 15:03 (Day: 4)
[12/2/2026, 15.03.11] No task for 15:03. Settings: IN=14:25(true), BREAK=14:24(true), OUT=14:25(true)
[12/2/2026, 15.04.11] Heartbeat at 15:04 (Day: 4)
[12/2/2026, 15.04.11] No task for 15:04. Settings: IN=14:25(true), BREAK=14:24(true), OUT=14:25(true)
[12/2/2026, 15.05.11] Heartbeat at 15:05 (Day: 4)
[12/2/2026, 15.05.11] No task for 15:05. Settings: IN=14:25(true), BREAK=14:24(true), OUT=14:25(true)
[12/2/2026, 15.06.11] Heartbeat at 15:06 (Day: 4)
[12/2/2026, 15.06.11] No task for 15:06. Settings: IN=14:25(true), BREAK=14:24(true), OUT=14:25(true)
[12/2/2026, 15.07.11] Heartbeat at 15:07 (Day: 4)
[12/2/2026, 15.07.11] No task for 15:07. Settings: IN=14:25(true), BREAK=14:24(true), OUT=14:25(true)
[12/2/2026, 15.08.11] Heartbeat at 15:08 (Day: 4)
[12/2/2026, 15.08.11] No task for 15:08. Settings: IN=14:25(true), BREAK=14:24(true), OUT=14:25(true)
[12/2/2026, 15.09.11] Heartbeat at 15:09 (Day: 4)
[12/2/2026, 15.09.11] No task for 15:09. Settings: IN=14:25(true), BREAK=14:24(true), OUT=14:25(true)
[12/2/2026, 15.10.11] Heartbeat at 15:10 (Day: 4)
[12/2/2026, 15.10.11] No task for 15:10. Settings: IN=14:25(true), BREAK=14:24(true), OUT=14:25(true)
[12/2/2026, 15.11.11] Heartbeat at 15:11 (Day: 4)
[12/2/2026, 15.11.11] No task for 15:11. Settings: IN=14:25(true), BREAK=14:24(true), OUT=14:25(true)
[12/2/2026, 15.12.11] Heartbeat at 15:12 (Day: 4)
[12/2/2026, 15.12.11] No task for 15:12. Settings: IN=14:25(true), BREAK=14:24(true), OUT=14:25(true)
[12/2/2026, 15.13.11] Heartbeat at 15:13 (Day: 4)
[12/2/2026, 15.13.11] No task for 15:13. Settings: IN=14:25(true), BREAK=14:24(true), OUT=14:25(true)
[12/2/2026, 15.14.11] Heartbeat at 15:14 (Day: 4)
[12/2/2026, 15.14.11] No task for 15:14. Settings: IN=14:25(true), BREAK=14:24(true), OUT=14:25(true)
[12/2/2026, 15.15.11] Heartbeat at 15:15 (Day: 4)
[12/2/2026, 15.15.11] No task for 15:15. Settings: IN=14:25(true), BREAK=14:24(true), OUT=14:25(true)
[12/2/2026, 15.16.11] Heartbeat at 15:16 (Day: 4)
[12/2/2026, 15.16.11] No task for 15:16. Settings: IN=14:25(true), BREAK=14:24(true), OUT=14:25(true)
[12/2/2026, 15.17.11] Heartbeat at 15:17 (Day: 4)
[12/2/2026, 15.17.11] No task for 15:17. Settings: IN=14:25(true), BREAK=14:24(true), OUT=14:25(true)
[12/2/2026, 15.18.11] Heartbeat at 15:18 (Day: 4)
[12/2/2026, 15.18.11] No task for 15:18. Settings: IN=14:25(true), BREAK=14:24(true), OUT=14:25(true)
[12/2/2026, 15.19.11] Heartbeat at 15:19 (Day: 4)
[12/2/2026, 15.19.11] No task for 15:19. Settings: IN=14:25(true), BREAK=14:24(true), OUT=14:25(true)
[12/2/2026, 15.20.11] Heartbeat at 15:20 (Day: 4)
[12/2/2026, 15.20.11] No task for 15:20. Settings: IN=14:25(true), BREAK=14:24(true), OUT=14:25(true)
[12/2/2026, 15.21.11] Heartbeat at 15:21 (Day: 4)
[12/2/2026, 15.21.11] No task for 15:21. Settings: IN=14:25(true), BREAK=14:24(true), OUT=14:25(true)
[12/2/2026, 15.22.11] Heartbeat at 15:22 (Day: 4)
[12/2/2026, 15.22.11] No task for 15:22. Settings: IN=14:25(true), BREAK=14:24(true), OUT=14:25(true)
[12/2/2026, 15.23.11] Heartbeat at 15:23 (Day: 4)
[12/2/2026, 15.23.11] No task for 15:23. Settings: IN=14:25(true), BREAK=14:24(true), OUT=14:25(true)
[12/2/2026, 15.24.11] Heartbeat at 15:24 (Day: 4)
[12/2/2026, 15.24.11] No task for 15:24. Settings: IN=14:25(true), BREAK=14:24(true), OUT=14:25(true)
[12/2/2026, 15.25.11] Heartbeat at 15:25 (Day: 4)
[12/2/2026, 15.25.11] No task for 15:25. Settings: IN=14:25(true), BREAK=14:24(true), OUT=14:25(true)
[12/2/2026, 15.26.11] Heartbeat at 15:26 (Day: 4)
[12/2/2026, 15.26.11] No task for 15:26. Settings: IN=14:25(true), BREAK=14:24(true), OUT=14:25(true)
[12/2/2026, 15.27.11] Heartbeat at 15:27 (Day: 4)
[12/2/2026, 15.27.11] No task for 15:27. Settings: IN=14:25(true), BREAK=14:24(true), OUT=14:25(true)
[12/2/2026, 15.28.11] Heartbeat at 15:28 (Day: 4)
[12/2/2026, 15.28.11] No task for 15:28. Settings: IN=14:25(true), BREAK=14:24(true), OUT=14:25(true)
[12/2/2026, 15.29.11] Heartbeat at 15:29 (Day: 4)
[12/2/2026, 15.29.11] No task for 15:29. Settings: IN=14:25(true), BREAK=14:24(true), OUT=14:25(true)
[12/2/2026, 15.30.11] Heartbeat at 15:30 (Day: 4)
[12/2/2026, 15.30.11] No task for 15:30. Settings: IN=14:25(true), BREAK=14:24(true), OUT=14:25(true)
[12/2/2026, 15.31.11] Heartbeat at 15:31 (Day: 4)
[12/2/2026, 15.31.11] No task for 15:31. Settings: IN=14:25(true), BREAK=14:24(true), OUT=14:25(true)
[12/2/2026, 15.32.11] Heartbeat at 15:32 (Day: 4)
[12/2/2026, 15.32.11] No task for 15:32. Settings: IN=14:25(true), BREAK=14:24(true), OUT=14:25(true)
[12/2/2026, 15.33.11] Heartbeat at 15:33 (Day: 4)
[12/2/2026, 15.33.11] No task for 15:33. Settings: IN=14:25(true), BREAK=14:24(true), OUT=14:25(true)
[12/2/2026, 15.34.11] Heartbeat at 15:34 (Day: 4)
[12/2/2026, 15.34.12] No task for 15:34. Settings: IN=14:25(true), BREAK=14:24(true), OUT=14:25(true)
[12/2/2026, 15.35.11] Heartbeat at 15:35 (Day: 4)
[12/2/2026, 15.35.11] No task for 15:35. Settings: IN=14:25(true), BREAK=14:24(true), OUT=14:25(true)
[12/2/2026, 15.36.11] Heartbeat at 15:36 (Day: 4)
[12/2/2026, 15.36.11] No task for 15:36. Settings: IN=14:25(true), BREAK=14:24(true), OUT=14:25(true)
[12/2/2026, 15.37.11] Heartbeat at 15:37 (Day: 4)
[12/2/2026, 15.37.11] No task for 15:37. Settings: IN=14:25(true), BREAK=14:24(true), OUT=14:25(true)
[12/2/2026, 15.38.11] Heartbeat at 15:38 (Day: 4)
[12/2/2026, 15.38.11] No task for 15:38. Settings: IN=14:25(true), BREAK=14:24(true), OUT=14:25(true)
[12/2/2026, 15.39.11] Heartbeat at 15:39 (Day: 4)
[12/2/2026, 15.39.11] No task for 15:39. Settings: IN=14:25(true), BREAK=14:24(true), OUT=14:25(true)
[12/2/2026, 15.40.11] Heartbeat at 15:40 (Day: 4)
[12/2/2026, 15.40.11] No task for 15:40. Settings: IN=14:25(true), BREAK=14:24(true), OUT=14:25(true)
[12/2/2026, 15.41.11] Heartbeat at 15:41 (Day: 4)
[12/2/2026, 15.41.11] No task for 15:41. Settings: IN=14:25(true), BREAK=14:24(true), OUT=14:25(true)
[12/2/2026, 15.42.11] Heartbeat at 15:42 (Day: 4)
[12/2/2026, 15.42.11] No task for 15:42. Settings: IN=14:25(true), BREAK=14:24(true), OUT=14:25(true)
[12/2/2026, 15.43.11] Heartbeat at 15:43 (Day: 4)
[12/2/2026, 15.43.11] No task for 15:43. Settings: IN=14:25(true), BREAK=14:24(true), OUT=14:25(true)
[12/2/2026, 15.44.11] Heartbeat at 15:44 (Day: 4)
[12/2/2026, 15.44.11] No task for 15:44. Settings: IN=14:25(true), BREAK=14:24(true), OUT=14:25(true)
[12/2/2026, 15.45.11] Heartbeat at 15:45 (Day: 4)
[12/2/2026, 15.45.11] No task for 15:45. Settings: IN=14:25(true), BREAK=14:24(true), OUT=14:25(true)
[12/2/2026, 15.46.11] Heartbeat at 15:46 (Day: 4)
[12/2/2026, 15.46.11] No task for 15:46. Settings: IN=14:25(true), BREAK=14:24(true), OUT=14:25(true)
[12/2/2026, 15.47.11] Heartbeat at 15:47 (Day: 4)
[12/2/2026, 15.47.11] No task for 15:47. Settings: IN=14:25(true), BREAK=14:24(true), OUT=14:25(true)
[12/2/2026, 15.48.11] Heartbeat at 15:48 (Day: 4)
[12/2/2026, 15.48.11] No task for 15:48. Settings: IN=14:25(true), BREAK=14:24(true), OUT=14:25(true)
[12/2/2026, 15.49.11] Heartbeat at 15:49 (Day: 4)
[12/2/2026, 15.49.11] No task for 15:49. Settings: IN=14:25(true), BREAK=14:24(true), OUT=14:25(true)
[12/2/2026, 15.50.11] Heartbeat at 15:50 (Day: 4)
[12/2/2026, 15.50.11] No task for 15:50. Settings: IN=14:25(true), BREAK=14:24(true), OUT=14:25(true)
[12/2/2026, 15.51.11] Heartbeat at 15:51 (Day: 4)
[12/2/2026, 15.51.12] No task for 15:51. Settings: IN=14:25(true), BREAK=14:24(true), OUT=14:25(true)
[12/2/2026, 15.52.11] Heartbeat at 15:52 (Day: 4)
[12/2/2026, 15.52.11] No task for 15:52. Settings: IN=14:25(true), BREAK=14:24(true), OUT=14:25(true)
[12/2/2026, 15.53.11] Heartbeat at 15:53 (Day: 4)
[12/2/2026, 15.53.11] No task for 15:53. Settings: IN=14:25(true), BREAK=14:24(true), OUT=14:25(true)
[12/2/2026, 15.54.11] Heartbeat at 15:54 (Day: 4)
[12/2/2026, 15.54.11] No task for 15:54. Settings: IN=14:25(true), BREAK=14:24(true), OUT=14:25(true)
[12/2/2026, 15.55.11] Heartbeat at 15:55 (Day: 4)
[12/2/2026, 15.55.11] No task for 15:55. Settings: IN=14:25(true), BREAK=14:24(true), OUT=14:25(true)
[12/2/2026, 15.56.11] Heartbeat at 15:56 (Day: 4)
[12/2/2026, 15.56.12] No task for 15:56. Settings: IN=14:25(true), BREAK=14:24(true), OUT=14:25(true)
[12/2/2026, 15.57.12] Heartbeat at 15:57 (Day: 4)
[12/2/2026, 15.57.12] No task for 15:57. Settings: IN=14:25(true), BREAK=14:24(true), OUT=14:25(true)
[12/2/2026, 15.58.12] Heartbeat at 15:58 (Day: 4)
[12/2/2026, 15.58.12] No task for 15:58. Settings: IN=14:25(true), BREAK=14:24(true), OUT=14:25(true)
[12/2/2026, 15.59.12] Heartbeat at 15:59 (Day: 4)
[12/2/2026, 15.59.12] No task for 15:59. Settings: IN=14:25(true), BREAK=14:24(true), OUT=14:25(true)
[12/2/2026, 16.00.12] Heartbeat at 16:00 (Day: 4)
[12/2/2026, 16.00.12] No task for 16:00. Settings: IN=14:25(true), BREAK=14:24(true), OUT=14:25(true)
[12/2/2026, 16.01.12] Heartbeat at 16:01 (Day: 4)
[12/2/2026, 16.01.12] No task for 16:01. Settings: IN=14:25(true), BREAK=14:24(true), OUT=14:25(true)
[12/2/2026, 16.02.12] Heartbeat at 16:02 (Day: 4)
[12/2/2026, 16.02.12] No task for 16:02. Settings: IN=14:25(true), BREAK=14:24(true), OUT=14:25(true)
[12/2/2026, 16.03.12] Heartbeat at 16:03 (Day: 4)
[12/2/2026, 16.03.12] No task for 16:03. Settings: IN=14:25(true), BREAK=14:24(true), OUT=14:25(true)
[12/2/2026, 16.04.12] Heartbeat at 16:04 (Day: 4)
[12/2/2026, 16.04.12] No task for 16:04. Settings: IN=14:25(true), BREAK=14:24(true), OUT=14:25(true)
[12/2/2026, 16.05.12] Heartbeat at 16:05 (Day: 4)
[12/2/2026, 16.05.12] No task for 16:05. Settings: IN=14:25(true), BREAK=14:24(true), OUT=14:25(true)
[12/2/2026, 16.06.12] Heartbeat at 16:06 (Day: 4)
[12/2/2026, 16.06.12] No task for 16:06. Settings: IN=14:25(true), BREAK=14:24(true), OUT=14:25(true)
[12/2/2026, 16.07.12] Heartbeat at 16:07 (Day: 4)
[12/2/2026, 16.07.12] No task for 16:07. Settings: IN=14:25(true), BREAK=14:24(true), OUT=14:25(true)
[12/2/2026, 16.08.12] Heartbeat at 16:08 (Day: 4)
[12/2/2026, 16.08.12] No task for 16:08. Settings: IN=14:25(true), BREAK=14:24(true), OUT=14:25(true)
[12/2/2026, 16.09.12] Heartbeat at 16:09 (Day: 4)
[12/2/2026, 16.09.12] No task for 16:09. Settings: IN=14:25(true), BREAK=14:24(true), OUT=14:25(true)
[12/2/2026, 16.10.12] Heartbeat at 16:10 (Day: 4)
[12/2/2026, 16.10.12] No task for 16:10. Settings: IN=14:25(true), BREAK=14:24(true), OUT=14:25(true)
[12/2/2026, 16.11.12] Heartbeat at 16:11 (Day: 4)
[12/2/2026, 16.11.12] No task for 16:11. Settings: IN=14:25(true), BREAK=14:24(true), OUT=14:25(true)
[12/2/2026, 16.12.12] Heartbeat at 16:12 (Day: 4)
[12/2/2026, 16.12.12] No task for 16:12. Settings: IN=14:25(true), BREAK=14:24(true), OUT=14:25(true)
[12/2/2026, 16.13.12] Heartbeat at 16:13 (Day: 4)
[12/2/2026, 16.13.12] No task for 16:13. Settings: IN=14:25(true), BREAK=14:24(true), OUT=14:25(true)
[12/2/2026, 16.15.04] Heartbeat at 16:15 (Day: 4)
[12/2/2026, 16.15.04] No task for 16:15. Settings: IN=14:25(true), BREAK=14:24(true), OUT=14:25(true)
[12/2/2026, 16.16.03] Heartbeat at 16:16 (Day: 4)
[12/2/2026, 16.16.03] No task for 16:16. Settings: IN=14:25(true), BREAK=14:24(true), OUT=14:25(true)
[12/2/2026, 16.17.04] Heartbeat at 16:17 (Day: 4)
[12/2/2026, 16.17.04] No task for 16:17. Settings: IN=14:25(true), BREAK=14:24(true), OUT=14:25(true)
[12/2/2026, 16.18.04] Heartbeat at 16:18 (Day: 4)
[12/2/2026, 16.18.04] No task for 16:18. Settings: IN=14:25(true), BREAK=14:24(true), OUT=14:25(true)
[12/2/2026, 16.19.04] Heartbeat at 16:19 (Day: 4)
[12/2/2026, 16.19.04] No task for 16:19. Settings: IN=14:25(true), BREAK=14:24(true), OUT=14:25(true)
[12/2/2026, 16.20.04] Heartbeat at 16:20 (Day: 4)
[12/2/2026, 16.20.04] No task for 16:20. Settings: IN=14:25(true), BREAK=14:24(true), OUT=14:25(true)
[12/2/2026, 16.21.04] Heartbeat at 16:21 (Day: 4)
[12/2/2026, 16.21.04] No task for 16:21. Settings: IN=14:25(true), BREAK=14:24(true), OUT=14:25(true)
[12/2/2026, 16.22.04] Heartbeat at 16:22 (Day: 4)
[12/2/2026, 16.22.04] No task for 16:22. Settings: IN=14:25(true), BREAK=14:24(true), OUT=14:25(true)
[12/2/2026, 16.23.04] Heartbeat at 16:23 (Day: 4)
[12/2/2026, 16.23.04] No task for 16:23. Settings: IN=14:25(true), BREAK=14:24(true), OUT=14:25(true)
[12/2/2026, 16.24.04] Heartbeat at 16:24 (Day: 4)
[12/2/2026, 16.24.04] No task for 16:24. Settings: IN=14:25(true), BREAK=14:24(true), OUT=14:25(true)
[12/2/2026, 16.25.04] Heartbeat at 16:25 (Day: 4)
[12/2/2026, 16.25.04] No task for 16:25. Settings: IN=14:25(true), BREAK=14:24(true), OUT=14:25(true)
[12/2/2026, 16.28.21] Heartbeat at 16:28 (Day: 4)
[12/2/2026, 16.28.21] No task for 16:28. Settings: IN=14:25(true), BREAK=14:24(true), OUT=14:25(true)
[12/2/2026, 16.29.21] Heartbeat at 16:29 (Day: 4)
[12/2/2026, 16.29.21] No task for 16:29. Settings: IN=14:25(true), BREAK=14:24(true), OUT=14:25(true)
[12/2/2026, 16.30.21] Heartbeat at 16:30 (Day: 4)
[12/2/2026, 16.30.21] No task for 16:30. Settings: IN=14:25(true), BREAK=14:24(true), OUT=14:25(true)
[12/2/2026, 16.31.21] Heartbeat at 16:31 (Day: 4)
[12/2/2026, 16.31.21] No task for 16:31. Settings: IN=14:25(true), BREAK=14:24(true), OUT=14:25(true)
[12/2/2026, 16.32.21] Heartbeat at 16:32 (Day: 4)
[12/2/2026, 16.32.21] No task for 16:32. Settings: IN=14:25(true), BREAK=14:24(true), OUT=14:25(true)
[12/2/2026, 16.33.21] Heartbeat at 16:33 (Day: 4)
[12/2/2026, 16.33.21] No task for 16:33. Settings: IN=14:25(true), BREAK=14:24(true), OUT=14:25(true)
[12/2/2026, 16.34.21] Heartbeat at 16:34 (Day: 4)
[12/2/2026, 16.34.21] No task for 16:34. Settings: IN=14:25(true), BREAK=14:24(true), OUT=14:25(true)
[12/2/2026, 16.35.21] Heartbeat at 16:35 (Day: 4)
[12/2/2026, 16.35.21] No task for 16:35. Settings: IN=14:25(true), BREAK=14:24(true), OUT=14:25(true)
